<?xml version="1.0" encoding="UTF-8"?>
<testsuite xmlns:xsi="http://www.w3.org/2001/XMLSchema-instance" xsi:noNamespaceSchemaLocation="https://maven.apache.org/surefire/maven-surefire-plugin/xsd/surefire-test-report.xsd" name="TestSuite" time="95.35" tests="131" errors="0" skipped="0" failures="0">
  <properties>
    <property name="java.specification.version" value="15"/>
    <property name="sun.cpu.isalist" value="amd64"/>
    <property name="sun.jnu.encoding" value="Cp1250"/>
    <property name="java.class.path" value="C:\Users\ondre\java\travelagency\pa165-blue-bat\travel-agency-persistence\target\test-classes;C:\Users\ondre\java\travelagency\pa165-blue-bat\travel-agency-persistence\target\classes;C:\Users\ondre\.m2\repository\org\springframework\spring-core\5.3.1\spring-core-5.3.1.jar;C:\Users\ondre\.m2\repository\org\springframework\spring-jcl\5.3.1\spring-jcl-5.3.1.jar;C:\Users\ondre\.m2\repository\org\springframework\spring-context\5.3.1\spring-context-5.3.1.jar;C:\Users\ondre\.m2\repository\org\springframework\spring-aop\5.3.1\spring-aop-5.3.1.jar;C:\Users\ondre\.m2\repository\org\springframework\spring-beans\5.3.1\spring-beans-5.3.1.jar;C:\Users\ondre\.m2\repository\org\springframework\spring-expression\5.3.1\spring-expression-5.3.1.jar;C:\Users\ondre\.m2\repository\org\springframework\boot\spring-boot-starter-web\2.4.0\spring-boot-starter-web-2.4.0.jar;C:\Users\ondre\.m2\repository\org\springframework\boot\spring-boot-starter\2.4.0\spring-boot-starter-2.4.0.jar;C:\Users\ondre\.m2\repository\org\springframework\boot\spring-boot\2.4.0\spring-boot-2.4.0.jar;C:\Users\ondre\.m2\repository\org\springframework\boot\spring-boot-autoconfigure\2.4.0\spring-boot-autoconfigure-2.4.0.jar;C:\Users\ondre\.m2\repository\org\springframework\boot\spring-boot-starter-logging\2.4.0\spring-boot-starter-logging-2.4.0.jar;C:\Users\ondre\.m2\repository\ch\qos\logback\logback-classic\1.2.3\logback-classic-1.2.3.jar;C:\Users\ondre\.m2\repository\ch\qos\logback\logback-core\1.2.3\logback-core-1.2.3.jar;C:\Users\ondre\.m2\repository\org\apache\logging\log4j\log4j-to-slf4j\2.13.3\log4j-to-slf4j-2.13.3.jar;C:\Users\ondre\.m2\repository\org\apache\logging\log4j\log4j-api\2.13.3\log4j-api-2.13.3.jar;C:\Users\ondre\.m2\repository\org\slf4j\jul-to-slf4j\1.7.30\jul-to-slf4j-1.7.30.jar;C:\Users\ondre\.m2\repository\jakarta\annotation\jakarta.annotation-api\1.3.5\jakarta.annotation-api-1.3.5.jar;C:\Users\ondre\.m2\repository\org\yaml\snakeyaml\1.27\snakeyaml-1.27.jar;C:\Users\ondre\.m2\repository\org\springframework\boot\spring-boot-starter-json\2.4.0\spring-boot-starter-json-2.4.0.jar;C:\Users\ondre\.m2\repository\com\fasterxml\jackson\core\jackson-databind\2.11.3\jackson-databind-2.11.3.jar;C:\Users\ondre\.m2\repository\com\fasterxml\jackson\core\jackson-annotations\2.11.3\jackson-annotations-2.11.3.jar;C:\Users\ondre\.m2\repository\com\fasterxml\jackson\core\jackson-core\2.11.3\jackson-core-2.11.3.jar;C:\Users\ondre\.m2\repository\com\fasterxml\jackson\datatype\jackson-datatype-jdk8\2.11.3\jackson-datatype-jdk8-2.11.3.jar;C:\Users\ondre\.m2\repository\com\fasterxml\jackson\datatype\jackson-datatype-jsr310\2.11.3\jackson-datatype-jsr310-2.11.3.jar;C:\Users\ondre\.m2\repository\com\fasterxml\jackson\module\jackson-module-parameter-names\2.11.3\jackson-module-parameter-names-2.11.3.jar;C:\Users\ondre\.m2\repository\org\springframework\boot\spring-boot-starter-tomcat\2.4.0\spring-boot-starter-tomcat-2.4.0.jar;C:\Users\ondre\.m2\repository\org\apache\tomcat\embed\tomcat-embed-core\9.0.39\tomcat-embed-core-9.0.39.jar;C:\Users\ondre\.m2\repository\org\glassfish\jakarta.el\3.0.3\jakarta.el-3.0.3.jar;C:\Users\ondre\.m2\repository\org\apache\tomcat\embed\tomcat-embed-websocket\9.0.39\tomcat-embed-websocket-9.0.39.jar;C:\Users\ondre\.m2\repository\org\springframework\spring-web\5.3.1\spring-web-5.3.1.jar;C:\Users\ondre\.m2\repository\org\springframework\spring-webmvc\5.3.1\spring-webmvc-5.3.1.jar;C:\Users\ondre\.m2\repository\org\springframework\boot\spring-boot-starter-test\2.4.0\spring-boot-starter-test-2.4.0.jar;C:\Users\ondre\.m2\repository\org\springframework\boot\spring-boot-test\2.4.0\spring-boot-test-2.4.0.jar;C:\Users\ondre\.m2\repository\org\springframework\boot\spring-boot-test-autoconfigure\2.4.0\spring-boot-test-autoconfigure-2.4.0.jar;C:\Users\ondre\.m2\repository\com\jayway\jsonpath\json-path\2.4.0\json-path-2.4.0.jar;C:\Users\ondre\.m2\repository\net\minidev\json-smart\2.3\json-smart-2.3.jar;C:\Users\ondre\.m2\repository\net\minidev\accessors-smart\1.2\accessors-smart-1.2.jar;C:\Users\ondre\.m2\repository\org\ow2\asm\asm\5.0.4\asm-5.0.4.jar;C:\Users\ondre\.m2\repository\jakarta\xml\bind\jakarta.xml.bind-api\2.3.3\jakarta.xml.bind-api-2.3.3.jar;C:\Users\ondre\.m2\repository\jakarta\activation\jakarta.activation-api\1.2.2\jakarta.activation-api-1.2.2.jar;C:\Users\ondre\.m2\repository\org\assertj\assertj-core\3.18.1\assertj-core-3.18.1.jar;C:\Users\ondre\.m2\repository\org\hamcrest\hamcrest\2.2\hamcrest-2.2.jar;C:\Users\ondre\.m2\repository\org\junit\jupiter\junit-jupiter\5.7.0\junit-jupiter-5.7.0.jar;C:\Users\ondre\.m2\repository\org\junit\jupiter\junit-jupiter-params\5.7.0\junit-jupiter-params-5.7.0.jar;C:\Users\ondre\.m2\repository\org\junit\jupiter\junit-jupiter-engine\5.7.0\junit-jupiter-engine-5.7.0.jar;C:\Users\ondre\.m2\repository\org\junit\platform\junit-platform-engine\1.7.0\junit-platform-engine-1.7.0.jar;C:\Users\ondre\.m2\repository\org\skyscreamer\jsonassert\1.5.0\jsonassert-1.5.0.jar;C:\Users\ondre\.m2\repository\com\vaadin\external\google\android-json\0.0.20131108.vaadin1\android-json-0.0.20131108.vaadin1.jar;C:\Users\ondre\.m2\repository\org\springframework\spring-test\5.3.1\spring-test-5.3.1.jar;C:\Users\ondre\.m2\repository\org\xmlunit\xmlunit-core\2.7.0\xmlunit-core-2.7.0.jar;C:\Users\ondre\.m2\repository\org\springframework\data\spring-data-jpa\2.4.1\spring-data-jpa-2.4.1.jar;C:\Users\ondre\.m2\repository\org\springframework\data\spring-data-commons\2.4.1\spring-data-commons-2.4.1.jar;C:\Users\ondre\.m2\repository\org\springframework\spring-orm\5.3.1\spring-orm-5.3.1.jar;C:\Users\ondre\.m2\repository\org\springframework\spring-jdbc\5.3.1\spring-jdbc-5.3.1.jar;C:\Users\ondre\.m2\repository\org\springframework\spring-tx\5.3.1\spring-tx-5.3.1.jar;C:\Users\ondre\.m2\repository\org\aspectj\aspectjrt\1.9.6\aspectjrt-1.9.6.jar;C:\Users\ondre\.m2\repository\org\hibernate\hibernate-entitymanager\5.4.23.Final\hibernate-entitymanager-5.4.23.Final.jar;C:\Users\ondre\.m2\repository\org\jboss\logging\jboss-logging\3.4.1.Final\jboss-logging-3.4.1.Final.jar;C:\Users\ondre\.m2\repository\org\hibernate\hibernate-core\5.4.23.Final\hibernate-core-5.4.23.Final.jar;C:\Users\ondre\.m2\repository\org\javassist\javassist\3.24.0-GA\javassist-3.24.0-GA.jar;C:\Users\ondre\.m2\repository\antlr\antlr\2.7.7\antlr-2.7.7.jar;C:\Users\ondre\.m2\repository\org\jboss\jandex\2.1.3.Final\jandex-2.1.3.Final.jar;C:\Users\ondre\.m2\repository\javax\activation\javax.activation-api\1.2.0\javax.activation-api-1.2.0.jar;C:\Users\ondre\.m2\repository\javax\xml\bind\jaxb-api\2.3.1\jaxb-api-2.3.1.jar;C:\Users\ondre\.m2\repository\org\glassfish\jaxb\jaxb-runtime\2.3.3\jaxb-runtime-2.3.3.jar;C:\Users\ondre\.m2\repository\org\glassfish\jaxb\txw2\2.3.3\txw2-2.3.3.jar;C:\Users\ondre\.m2\repository\com\sun\istack\istack-commons-runtime\3.0.11\istack-commons-runtime-3.0.11.jar;C:\Users\ondre\.m2\repository\com\sun\activation\jakarta.activation\1.2.2\jakarta.activation-1.2.2.jar;C:\Users\ondre\.m2\repository\org\dom4j\dom4j\2.1.3\dom4j-2.1.3.jar;C:\Users\ondre\.m2\repository\org\hibernate\common\hibernate-commons-annotations\5.1.2.Final\hibernate-commons-annotations-5.1.2.Final.jar;C:\Users\ondre\.m2\repository\javax\persistence\javax.persistence-api\2.2\javax.persistence-api-2.2.jar;C:\Users\ondre\.m2\repository\net\bytebuddy\byte-buddy\1.10.18\byte-buddy-1.10.18.jar;C:\Users\ondre\.m2\repository\org\jboss\spec\javax\transaction\jboss-transaction-api_1.2_spec\1.1.1.Final\jboss-transaction-api_1.2_spec-1.1.1.Final.jar;C:\Users\ondre\.m2\repository\org\hibernate\validator\hibernate-validator\6.1.6.Final\hibernate-validator-6.1.6.Final.jar;C:\Users\ondre\.m2\repository\jakarta\validation\jakarta.validation-api\2.0.2\jakarta.validation-api-2.0.2.jar;C:\Users\ondre\.m2\repository\com\fasterxml\classmate\1.5.1\classmate-1.5.1.jar;C:\Users\ondre\.m2\repository\org\apache\derby\derby\10.10.2.0\derby-10.10.2.0.jar;C:\Users\ondre\.m2\repository\javax\inject\javax.inject\1\javax.inject-1.jar;C:\Users\ondre\.m2\repository\org\projectlombok\lombok\1.18.16\lombok-1.18.16.jar;C:\Users\ondre\.m2\repository\org\testng\testng\7.4.0\testng-7.4.0.jar;C:\Users\ondre\.m2\repository\com\beust\jcommander\1.78\jcommander-1.78.jar;C:\Users\ondre\.m2\repository\org\webjars\jquery\3.5.1\jquery-3.5.1.jar;C:\Users\ondre\.m2\repository\org\mockito\mockito-core\3.6.0\mockito-core-3.6.0.jar;C:\Users\ondre\.m2\repository\net\bytebuddy\byte-buddy-agent\1.10.18\byte-buddy-agent-1.10.18.jar;C:\Users\ondre\.m2\repository\org\objenesis\objenesis\3.1\objenesis-3.1.jar;C:\Users\ondre\.m2\repository\org\mockito\mockito-junit-jupiter\3.6.0\mockito-junit-jupiter-3.6.0.jar;C:\Users\ondre\.m2\repository\org\junit\jupiter\junit-jupiter-api\5.7.0\junit-jupiter-api-5.7.0.jar;C:\Users\ondre\.m2\repository\org\apiguardian\apiguardian-api\1.1.0\apiguardian-api-1.1.0.jar;C:\Users\ondre\.m2\repository\org\opentest4j\opentest4j\1.2.0\opentest4j-1.2.0.jar;C:\Users\ondre\.m2\repository\org\junit\platform\junit-platform-commons\1.7.0\junit-platform-commons-1.7.0.jar;C:\Users\ondre\.m2\repository\org\slf4j\slf4j-api\1.7.30\slf4j-api-1.7.30.jar;"/>
    <property name="java.vm.vendor" value="Oracle Corporation"/>
    <property name="sun.arch.data.model" value="64"/>
    <property name="user.variant" value=""/>
    <property name="java.vendor.url" value="https://java.oracle.com/"/>
    <property name="user.timezone" value="Europe/Prague"/>
    <property name="os.name" value="Windows 10"/>
    <property name="java.vm.specification.version" value="15"/>
    <property name="sun.java.launcher" value="SUN_STANDARD"/>
    <property name="user.country" value="CZ"/>
    <property name="sun.boot.library.path" value="C:\Program Files\Java\jdk-15.0.2\bin"/>
    <property name="sun.java.command" value="C:\Users\ondre\AppData\Local\Temp\surefire11553423660061613709\surefirebooter10240433351124816100.jar C:\Users\ondre\AppData\Local\Temp\surefire11553423660061613709 2021-04-26T23-18-43_368-jvmRun1 surefire7362604074189409093tmp surefire_018411609257009657497tmp"/>
    <property name="jdk.debug" value="release"/>
    <property name="surefire.test.class.path" value="C:\Users\ondre\java\travelagency\pa165-blue-bat\travel-agency-persistence\target\test-classes;C:\Users\ondre\java\travelagency\pa165-blue-bat\travel-agency-persistence\target\classes;C:\Users\ondre\.m2\repository\org\springframework\spring-core\5.3.1\spring-core-5.3.1.jar;C:\Users\ondre\.m2\repository\org\springframework\spring-jcl\5.3.1\spring-jcl-5.3.1.jar;C:\Users\ondre\.m2\repository\org\springframework\spring-context\5.3.1\spring-context-5.3.1.jar;C:\Users\ondre\.m2\repository\org\springframework\spring-aop\5.3.1\spring-aop-5.3.1.jar;C:\Users\ondre\.m2\repository\org\springframework\spring-beans\5.3.1\spring-beans-5.3.1.jar;C:\Users\ondre\.m2\repository\org\springframework\spring-expression\5.3.1\spring-expression-5.3.1.jar;C:\Users\ondre\.m2\repository\org\springframework\boot\spring-boot-starter-web\2.4.0\spring-boot-starter-web-2.4.0.jar;C:\Users\ondre\.m2\repository\org\springframework\boot\spring-boot-starter\2.4.0\spring-boot-starter-2.4.0.jar;C:\Users\ondre\.m2\repository\org\springframework\boot\spring-boot\2.4.0\spring-boot-2.4.0.jar;C:\Users\ondre\.m2\repository\org\springframework\boot\spring-boot-autoconfigure\2.4.0\spring-boot-autoconfigure-2.4.0.jar;C:\Users\ondre\.m2\repository\org\springframework\boot\spring-boot-starter-logging\2.4.0\spring-boot-starter-logging-2.4.0.jar;C:\Users\ondre\.m2\repository\ch\qos\logback\logback-classic\1.2.3\logback-classic-1.2.3.jar;C:\Users\ondre\.m2\repository\ch\qos\logback\logback-core\1.2.3\logback-core-1.2.3.jar;C:\Users\ondre\.m2\repository\org\apache\logging\log4j\log4j-to-slf4j\2.13.3\log4j-to-slf4j-2.13.3.jar;C:\Users\ondre\.m2\repository\org\apache\logging\log4j\log4j-api\2.13.3\log4j-api-2.13.3.jar;C:\Users\ondre\.m2\repository\org\slf4j\jul-to-slf4j\1.7.30\jul-to-slf4j-1.7.30.jar;C:\Users\ondre\.m2\repository\jakarta\annotation\jakarta.annotation-api\1.3.5\jakarta.annotation-api-1.3.5.jar;C:\Users\ondre\.m2\repository\org\yaml\snakeyaml\1.27\snakeyaml-1.27.jar;C:\Users\ondre\.m2\repository\org\springframework\boot\spring-boot-starter-json\2.4.0\spring-boot-starter-json-2.4.0.jar;C:\Users\ondre\.m2\repository\com\fasterxml\jackson\core\jackson-databind\2.11.3\jackson-databind-2.11.3.jar;C:\Users\ondre\.m2\repository\com\fasterxml\jackson\core\jackson-annotations\2.11.3\jackson-annotations-2.11.3.jar;C:\Users\ondre\.m2\repository\com\fasterxml\jackson\core\jackson-core\2.11.3\jackson-core-2.11.3.jar;C:\Users\ondre\.m2\repository\com\fasterxml\jackson\datatype\jackson-datatype-jdk8\2.11.3\jackson-datatype-jdk8-2.11.3.jar;C:\Users\ondre\.m2\repository\com\fasterxml\jackson\datatype\jackson-datatype-jsr310\2.11.3\jackson-datatype-jsr310-2.11.3.jar;C:\Users\ondre\.m2\repository\com\fasterxml\jackson\module\jackson-module-parameter-names\2.11.3\jackson-module-parameter-names-2.11.3.jar;C:\Users\ondre\.m2\repository\org\springframework\boot\spring-boot-starter-tomcat\2.4.0\spring-boot-starter-tomcat-2.4.0.jar;C:\Users\ondre\.m2\repository\org\apache\tomcat\embed\tomcat-embed-core\9.0.39\tomcat-embed-core-9.0.39.jar;C:\Users\ondre\.m2\repository\org\glassfish\jakarta.el\3.0.3\jakarta.el-3.0.3.jar;C:\Users\ondre\.m2\repository\org\apache\tomcat\embed\tomcat-embed-websocket\9.0.39\tomcat-embed-websocket-9.0.39.jar;C:\Users\ondre\.m2\repository\org\springframework\spring-web\5.3.1\spring-web-5.3.1.jar;C:\Users\ondre\.m2\repository\org\springframework\spring-webmvc\5.3.1\spring-webmvc-5.3.1.jar;C:\Users\ondre\.m2\repository\org\springframework\boot\spring-boot-starter-test\2.4.0\spring-boot-starter-test-2.4.0.jar;C:\Users\ondre\.m2\repository\org\springframework\boot\spring-boot-test\2.4.0\spring-boot-test-2.4.0.jar;C:\Users\ondre\.m2\repository\org\springframework\boot\spring-boot-test-autoconfigure\2.4.0\spring-boot-test-autoconfigure-2.4.0.jar;C:\Users\ondre\.m2\repository\com\jayway\jsonpath\json-path\2.4.0\json-path-2.4.0.jar;C:\Users\ondre\.m2\repository\net\minidev\json-smart\2.3\json-smart-2.3.jar;C:\Users\ondre\.m2\repository\net\minidev\accessors-smart\1.2\accessors-smart-1.2.jar;C:\Users\ondre\.m2\repository\org\ow2\asm\asm\5.0.4\asm-5.0.4.jar;C:\Users\ondre\.m2\repository\jakarta\xml\bind\jakarta.xml.bind-api\2.3.3\jakarta.xml.bind-api-2.3.3.jar;C:\Users\ondre\.m2\repository\jakarta\activation\jakarta.activation-api\1.2.2\jakarta.activation-api-1.2.2.jar;C:\Users\ondre\.m2\repository\org\assertj\assertj-core\3.18.1\assertj-core-3.18.1.jar;C:\Users\ondre\.m2\repository\org\hamcrest\hamcrest\2.2\hamcrest-2.2.jar;C:\Users\ondre\.m2\repository\org\junit\jupiter\junit-jupiter\5.7.0\junit-jupiter-5.7.0.jar;C:\Users\ondre\.m2\repository\org\junit\jupiter\junit-jupiter-params\5.7.0\junit-jupiter-params-5.7.0.jar;C:\Users\ondre\.m2\repository\org\junit\jupiter\junit-jupiter-engine\5.7.0\junit-jupiter-engine-5.7.0.jar;C:\Users\ondre\.m2\repository\org\junit\platform\junit-platform-engine\1.7.0\junit-platform-engine-1.7.0.jar;C:\Users\ondre\.m2\repository\org\skyscreamer\jsonassert\1.5.0\jsonassert-1.5.0.jar;C:\Users\ondre\.m2\repository\com\vaadin\external\google\android-json\0.0.20131108.vaadin1\android-json-0.0.20131108.vaadin1.jar;C:\Users\ondre\.m2\repository\org\springframework\spring-test\5.3.1\spring-test-5.3.1.jar;C:\Users\ondre\.m2\repository\org\xmlunit\xmlunit-core\2.7.0\xmlunit-core-2.7.0.jar;C:\Users\ondre\.m2\repository\org\springframework\data\spring-data-jpa\2.4.1\spring-data-jpa-2.4.1.jar;C:\Users\ondre\.m2\repository\org\springframework\data\spring-data-commons\2.4.1\spring-data-commons-2.4.1.jar;C:\Users\ondre\.m2\repository\org\springframework\spring-orm\5.3.1\spring-orm-5.3.1.jar;C:\Users\ondre\.m2\repository\org\springframework\spring-jdbc\5.3.1\spring-jdbc-5.3.1.jar;C:\Users\ondre\.m2\repository\org\springframework\spring-tx\5.3.1\spring-tx-5.3.1.jar;C:\Users\ondre\.m2\repository\org\aspectj\aspectjrt\1.9.6\aspectjrt-1.9.6.jar;C:\Users\ondre\.m2\repository\org\hibernate\hibernate-entitymanager\5.4.23.Final\hibernate-entitymanager-5.4.23.Final.jar;C:\Users\ondre\.m2\repository\org\jboss\logging\jboss-logging\3.4.1.Final\jboss-logging-3.4.1.Final.jar;C:\Users\ondre\.m2\repository\org\hibernate\hibernate-core\5.4.23.Final\hibernate-core-5.4.23.Final.jar;C:\Users\ondre\.m2\repository\org\javassist\javassist\3.24.0-GA\javassist-3.24.0-GA.jar;C:\Users\ondre\.m2\repository\antlr\antlr\2.7.7\antlr-2.7.7.jar;C:\Users\ondre\.m2\repository\org\jboss\jandex\2.1.3.Final\jandex-2.1.3.Final.jar;C:\Users\ondre\.m2\repository\javax\activation\javax.activation-api\1.2.0\javax.activation-api-1.2.0.jar;C:\Users\ondre\.m2\repository\javax\xml\bind\jaxb-api\2.3.1\jaxb-api-2.3.1.jar;C:\Users\ondre\.m2\repository\org\glassfish\jaxb\jaxb-runtime\2.3.3\jaxb-runtime-2.3.3.jar;C:\Users\ondre\.m2\repository\org\glassfish\jaxb\txw2\2.3.3\txw2-2.3.3.jar;C:\Users\ondre\.m2\repository\com\sun\istack\istack-commons-runtime\3.0.11\istack-commons-runtime-3.0.11.jar;C:\Users\ondre\.m2\repository\com\sun\activation\jakarta.activation\1.2.2\jakarta.activation-1.2.2.jar;C:\Users\ondre\.m2\repository\org\dom4j\dom4j\2.1.3\dom4j-2.1.3.jar;C:\Users\ondre\.m2\repository\org\hibernate\common\hibernate-commons-annotations\5.1.2.Final\hibernate-commons-annotations-5.1.2.Final.jar;C:\Users\ondre\.m2\repository\javax\persistence\javax.persistence-api\2.2\javax.persistence-api-2.2.jar;C:\Users\ondre\.m2\repository\net\bytebuddy\byte-buddy\1.10.18\byte-buddy-1.10.18.jar;C:\Users\ondre\.m2\repository\org\jboss\spec\javax\transaction\jboss-transaction-api_1.2_spec\1.1.1.Final\jboss-transaction-api_1.2_spec-1.1.1.Final.jar;C:\Users\ondre\.m2\repository\org\hibernate\validator\hibernate-validator\6.1.6.Final\hibernate-validator-6.1.6.Final.jar;C:\Users\ondre\.m2\repository\jakarta\validation\jakarta.validation-api\2.0.2\jakarta.validation-api-2.0.2.jar;C:\Users\ondre\.m2\repository\com\fasterxml\classmate\1.5.1\classmate-1.5.1.jar;C:\Users\ondre\.m2\repository\org\apache\derby\derby\10.10.2.0\derby-10.10.2.0.jar;C:\Users\ondre\.m2\repository\javax\inject\javax.inject\1\javax.inject-1.jar;C:\Users\ondre\.m2\repository\org\projectlombok\lombok\1.18.16\lombok-1.18.16.jar;C:\Users\ondre\.m2\repository\org\testng\testng\7.4.0\testng-7.4.0.jar;C:\Users\ondre\.m2\repository\com\beust\jcommander\1.78\jcommander-1.78.jar;C:\Users\ondre\.m2\repository\org\webjars\jquery\3.5.1\jquery-3.5.1.jar;C:\Users\ondre\.m2\repository\org\mockito\mockito-core\3.6.0\mockito-core-3.6.0.jar;C:\Users\ondre\.m2\repository\net\bytebuddy\byte-buddy-agent\1.10.18\byte-buddy-agent-1.10.18.jar;C:\Users\ondre\.m2\repository\org\objenesis\objenesis\3.1\objenesis-3.1.jar;C:\Users\ondre\.m2\repository\org\mockito\mockito-junit-jupiter\3.6.0\mockito-junit-jupiter-3.6.0.jar;C:\Users\ondre\.m2\repository\org\junit\jupiter\junit-jupiter-api\5.7.0\junit-jupiter-api-5.7.0.jar;C:\Users\ondre\.m2\repository\org\apiguardian\apiguardian-api\1.1.0\apiguardian-api-1.1.0.jar;C:\Users\ondre\.m2\repository\org\opentest4j\opentest4j\1.2.0\opentest4j-1.2.0.jar;C:\Users\ondre\.m2\repository\org\junit\platform\junit-platform-commons\1.7.0\junit-platform-commons-1.7.0.jar;C:\Users\ondre\.m2\repository\org\slf4j\slf4j-api\1.7.30\slf4j-api-1.7.30.jar;"/>
    <property name="sun.cpu.endian" value="little"/>
    <property name="user.home" value="C:\Users\ondre"/>
    <property name="user.language" value="cs"/>
    <property name="java.specification.vendor" value="Oracle Corporation"/>
    <property name="java.version.date" value="2021-01-19"/>
    <property name="java.home" value="C:\Program Files\Java\jdk-15.0.2"/>
    <property name="file.separator" value="\"/>
    <property name="basedir" value="C:\Users\ondre\java\travelagency\pa165-blue-bat\travel-agency-persistence"/>
    <property name="java.vm.compressedOopsMode" value="Zero based"/>
    <property name="line.separator" value="&#10;"/>
    <property name="java.vm.specification.vendor" value="Oracle Corporation"/>
    <property name="java.specification.name" value="Java Platform API Specification"/>
    <property name="surefire.real.class.path" value="C:\Users\ondre\AppData\Local\Temp\surefire11553423660061613709\surefirebooter10240433351124816100.jar"/>
    <property name="user.script" value=""/>
    <property name="sun.management.compiler" value="HotSpot 64-Bit Tiered Compilers"/>
    <property name="java.runtime.version" value="15.0.2+7-27"/>
    <property name="user.name" value="ondre"/>
    <property name="path.separator" value=";"/>
    <property name="os.version" value="10.0"/>
    <property name="java.runtime.name" value="Java(TM) SE Runtime Environment"/>
    <property name="file.encoding" value="Cp1250"/>
    <property name="java.vm.name" value="Java HotSpot(TM) 64-Bit Server VM"/>
    <property name="localRepository" value="C:\Users\ondre\.m2\repository"/>
    <property name="java.vendor.url.bug" value="https://bugreport.java.com/bugreport/"/>
    <property name="java.io.tmpdir" value="C:\Users\ondre\AppData\Local\Temp\"/>
    <property name="idea.version" value="2020.3.2"/>
    <property name="java.version" value="15.0.2"/>
    <property name="user.dir" value="C:\Users\ondre\java\travelagency\pa165-blue-bat\travel-agency-persistence"/>
    <property name="os.arch" value="amd64"/>
    <property name="java.vm.specification.name" value="Java Virtual Machine Specification"/>
    <property name="sun.os.patch.level" value=""/>
    <property name="java.library.path" value="C:\Program Files\Java\jdk-15.0.2\bin;C:\WINDOWS\Sun\Java\bin;C:\WINDOWS\system32;C:\WINDOWS;C:\Program Files\Common Files\Oracle\Java\javapath;C:\WINDOWS\system32;C:\WINDOWS;C:\WINDOWS\System32\Wbem;C:\WINDOWS\System32\WindowsPowerShell\v1.0\;C:\WINDOWS\System32\OpenSSH\;C:\Program Files\Git\cmd;C:\Program Files\apache-maven-3.6.3\bin;C:\Users\ondre\AppData\Local\Microsoft\WindowsApps;;C:\Program Files\JetBrains\IntelliJ IDEA 2020.3.2\bin;;."/>
    <property name="java.vm.info" value="mixed mode, sharing"/>
    <property name="java.vendor" value="Oracle Corporation"/>
    <property name="java.vm.version" value="15.0.2+7-27"/>
    <property name="sun.io.unicode.encoding" value="UnicodeLittle"/>
    <property name="java.class.version" value="59.0"/>
  </properties>
  <testcase name="create_null_InvalidDataAccessApiUsageException" classname="cz.muni.fi.pa165.bluebat.dao.CustomerDaoImplTest" time="0.01"/>
  <testcase name="create_valid" classname="cz.muni.fi.pa165.bluebat.dao.CustomerDaoImplTest" time="0.008"/>
  <testcase name="delete_notInserted" classname="cz.muni.fi.pa165.bluebat.dao.CustomerDaoImplTest" time="0.02"/>
  <testcase name="delete_null_InvalidDataAccessApiUsageException" classname="cz.muni.fi.pa165.bluebat.dao.CustomerDaoImplTest" time="0.012"/>
  <testcase name="delete_valid" classname="cz.muni.fi.pa165.bluebat.dao.CustomerDaoImplTest" time="0.04"/>
  <testcase name="findAll_doesNotThrow" classname="cz.muni.fi.pa165.bluebat.dao.CustomerDaoImplTest" time="0.05"/>
  <testcase name="findAll_oneDeleted" classname="cz.muni.fi.pa165.bluebat.dao.CustomerDaoImplTest" time="0.125"/>
  <testcase name="findAll_oneInserted" classname="cz.muni.fi.pa165.bluebat.dao.CustomerDaoImplTest" time="0.164"/>
  <testcase name="findById_notInserted" classname="cz.muni.fi.pa165.bluebat.dao.CustomerDaoImplTest" time="0.02"/>
  <testcase name="findById_removedCustomer" classname="cz.muni.fi.pa165.bluebat.dao.CustomerDaoImplTest" time="0.111"/>
  <testcase name="findById_valid" classname="cz.muni.fi.pa165.bluebat.dao.CustomerDaoImplTest" time="0.028"/>
  <testcase name="update_null_InvalidDataAccessApiUsageException" classname="cz.muni.fi.pa165.bluebat.dao.CustomerDaoImplTest" time="0.01"/>
  <testcase name="update_valid" classname="cz.muni.fi.pa165.bluebat.dao.CustomerDaoImplTest" time="0.039"/>
  <testcase name="create_null_InvalidDataAccessApiUsageException" classname="cz.muni.fi.pa165.bluebat.dao.ExcursionDaoImplTest" time="0.01"/>
  <testcase name="create_valid" classname="cz.muni.fi.pa165.bluebat.dao.ExcursionDaoImplTest" time="0.01"/>
  <testcase name="delete_notInserted" classname="cz.muni.fi.pa165.bluebat.dao.ExcursionDaoImplTest" time="0.01"/>
  <testcase name="delete_null_InvalidDataAccessApiUsageException" classname="cz.muni.fi.pa165.bluebat.dao.ExcursionDaoImplTest" time="0.013"/>
  <testcase name="delete_valid" classname="cz.muni.fi.pa165.bluebat.dao.ExcursionDaoImplTest" time="0.03"/>
  <testcase name="findById_notInserted" classname="cz.muni.fi.pa165.bluebat.dao.ExcursionDaoImplTest" time="0.02"/>
  <testcase name="findById_removedExcursion" classname="cz.muni.fi.pa165.bluebat.dao.ExcursionDaoImplTest" time="0.06"/>
  <testcase name="findById_valid" classname="cz.muni.fi.pa165.bluebat.dao.ExcursionDaoImplTest" time="0.02"/>
  <testcase name="update_null_InvalidDataAccessApiUsageException" classname="cz.muni.fi.pa165.bluebat.dao.ExcursionDaoImplTest" time="0.01"/>
  <testcase name="update_valid" classname="cz.muni.fi.pa165.bluebat.dao.ExcursionDaoImplTest" time="0.03"/>
  <testcase name="create_null_InvalidDataAccessApiUsageException" classname="cz.muni.fi.pa165.bluebat.dao.PriceDaoImplTest" time="0.01"/>
  <testcase name="create_valid" classname="cz.muni.fi.pa165.bluebat.dao.PriceDaoImplTest" time="0.01"/>
  <testcase name="delete_notInserted" classname="cz.muni.fi.pa165.bluebat.dao.PriceDaoImplTest" time="0.009"/>
  <testcase name="delete_null_InvalidDataAccessApiUsageException" classname="cz.muni.fi.pa165.bluebat.dao.PriceDaoImplTest" time="0.01"/>
  <testcase name="findById_notInserted" classname="cz.muni.fi.pa165.bluebat.dao.PriceDaoImplTest" time="0.01"/>
  <testcase name="findById_removedPrice" classname="cz.muni.fi.pa165.bluebat.dao.PriceDaoImplTest" time="0.05"/>
  <testcase name="findById_valid" classname="cz.muni.fi.pa165.bluebat.dao.PriceDaoImplTest" time="0.02"/>
  <testcase name="update_null_InvalidDataAccessApiUsageException" classname="cz.muni.fi.pa165.bluebat.dao.PriceDaoImplTest" time="0"/>
  <testcase name="update_valid" classname="cz.muni.fi.pa165.bluebat.dao.PriceDaoImplTest" time="0.01"/>
  <testcase name="create_null_InvalidDataAccessApiUsageException" classname="cz.muni.fi.pa165.bluebat.dao.ReservationDaoImplTest" time="0"/>
  <testcase name="create_valid" classname="cz.muni.fi.pa165.bluebat.dao.ReservationDaoImplTest" time="0.012"/>
  <testcase name="delete_null_InvalidDataAccessApiUsageException" classname="cz.muni.fi.pa165.bluebat.dao.ReservationDaoImplTest" time="0.01"/>
  <testcase name="delete_valid" classname="cz.muni.fi.pa165.bluebat.dao.ReservationDaoImplTest" time="0.07"/>
  <testcase name="findAll_doesNotThrow" classname="cz.muni.fi.pa165.bluebat.dao.ReservationDaoImplTest" time="0.08"/>
  <testcase name="findAll_oneDeleted" classname="cz.muni.fi.pa165.bluebat.dao.ReservationDaoImplTest" time="0.159"/>
  <testcase name="findAll_oneInserted" classname="cz.muni.fi.pa165.bluebat.dao.ReservationDaoImplTest" time="0.148"/>
  <testcase name="findById_notInserted" classname="cz.muni.fi.pa165.bluebat.dao.ReservationDaoImplTest" time="0.02"/>
  <testcase name="findById_removedReservation" classname="cz.muni.fi.pa165.bluebat.dao.ReservationDaoImplTest" time="0.12"/>
  <testcase name="findById_valid" classname="cz.muni.fi.pa165.bluebat.dao.ReservationDaoImplTest" time="0.04"/>
  <testcase name="update_null_InvalidDataAccessApiUsageException" classname="cz.muni.fi.pa165.bluebat.dao.ReservationDaoImplTest" time="0.01"/>
  <testcase name="update_valid" classname="cz.muni.fi.pa165.bluebat.dao.ReservationDaoImplTest" time="0.07"/>
  <testcase name="createNullTest" classname="cz.muni.fi.pa165.bluebat.dao.TripDaoTest" time="0.01"/>
  <testcase name="createTest" classname="cz.muni.fi.pa165.bluebat.dao.TripDaoTest" time="0.02"/>
  <testcase name="createWithNullTest" classname="cz.muni.fi.pa165.bluebat.dao.TripDaoTest" time="0.01"/>
  <testcase name="deleteNullTest" classname="cz.muni.fi.pa165.bluebat.dao.TripDaoTest" time="0.01"/>
  <testcase name="deleteTest" classname="cz.muni.fi.pa165.bluebat.dao.TripDaoTest" time="0.071"/>
  <testcase name="findNonExistingTripTest" classname="cz.muni.fi.pa165.bluebat.dao.TripDaoTest" time="0.01"/>
  <testcase name="findNullTest" classname="cz.muni.fi.pa165.bluebat.dao.TripDaoTest" time="0.03"/>
  <testcase name="updateTest" classname="cz.muni.fi.pa165.bluebat.dao.TripDaoTest" time="0.02"/>
  <testcase name="customerAddress_invalid" classname="cz.muni.fi.pa165.bluebat.entity.CustomerTest" time="0.08"/>
  <testcase name="customerAddress_invalid" classname="cz.muni.fi.pa165.bluebat.entity.CustomerTest" time="0.07"/>
  <testcase name="customerAddress_invalid" classname="cz.muni.fi.pa165.bluebat.entity.CustomerTest" time="0.09"/>
  <testcase name="customerAddress_invalid" classname="cz.muni.fi.pa165.bluebat.entity.CustomerTest" time="0.09"/>
  <testcase name="customerAddress_invalid" classname="cz.muni.fi.pa165.bluebat.entity.CustomerTest" time="0.1"/>
  <testcase name="customerBirthday_inFuture" classname="cz.muni.fi.pa165.bluebat.entity.CustomerTest" time="0.1"/>
  <testcase name="customerBirthday_null" classname="cz.muni.fi.pa165.bluebat.entity.CustomerTest" time="0.1"/>
  <testcase name="customerEmail_invalid_blank" classname="cz.muni.fi.pa165.bluebat.entity.CustomerTest" time="0.1"/>
  <testcase name="customerEmail_invalid_blank" classname="cz.muni.fi.pa165.bluebat.entity.CustomerTest" time="0.1"/>
  <testcase name="customerEmail_invalid_blank" classname="cz.muni.fi.pa165.bluebat.entity.CustomerTest" time="0.093"/>
  <testcase name="customerEmail_invalid_blank" classname="cz.muni.fi.pa165.bluebat.entity.CustomerTest" time="0.091"/>
  <testcase name="customerEmail_invalid_blank" classname="cz.muni.fi.pa165.bluebat.entity.CustomerTest" time="0.099"/>
  <testcase name="customerEmail_invalid_notEmail" classname="cz.muni.fi.pa165.bluebat.entity.CustomerTest" time="0.12"/>
  <testcase name="customerEmail_invalid_notEmail" classname="cz.muni.fi.pa165.bluebat.entity.CustomerTest" time="0.081"/>
  <testcase name="customerEmail_invalid_notEmail" classname="cz.muni.fi.pa165.bluebat.entity.CustomerTest" time="0.087"/>
  <testcase name="customerEmail_invalid_notEmail" classname="cz.muni.fi.pa165.bluebat.entity.CustomerTest" time="0.09"/>
  <testcase name="customerEmail_invalid_notEmail" classname="cz.muni.fi.pa165.bluebat.entity.CustomerTest" time="0.08"/>
  <testcase name="customerEmail_invalid_notEmail" classname="cz.muni.fi.pa165.bluebat.entity.CustomerTest" time="0.074"/>
  <testcase name="customerEmail_invalid_notEmail" classname="cz.muni.fi.pa165.bluebat.entity.CustomerTest" time="0.08"/>
  <testcase name="customerEmail_invalid_notEmail" classname="cz.muni.fi.pa165.bluebat.entity.CustomerTest" time="0.1"/>
  <testcase name="customerEmail_invalid_notEmail" classname="cz.muni.fi.pa165.bluebat.entity.CustomerTest" time="0.13"/>
  <testcase name="customerEmail_invalid_notEmail" classname="cz.muni.fi.pa165.bluebat.entity.CustomerTest" time="0.08"/>
  <testcase name="customerName_invalid" classname="cz.muni.fi.pa165.bluebat.entity.CustomerTest" time="0.077"/>
  <testcase name="customerName_invalid" classname="cz.muni.fi.pa165.bluebat.entity.CustomerTest" time="0.081"/>
  <testcase name="customerName_invalid" classname="cz.muni.fi.pa165.bluebat.entity.CustomerTest" time="0.068"/>
  <testcase name="customerName_invalid" classname="cz.muni.fi.pa165.bluebat.entity.CustomerTest" time="0.081"/>
  <testcase name="customerName_invalid" classname="cz.muni.fi.pa165.bluebat.entity.CustomerTest" time="0.08"/>
  <testcase name="customerPhoneNumber_negativeValue" classname="cz.muni.fi.pa165.bluebat.entity.CustomerTest" time="0.09"/>
  <testcase name="customerPhoneNumber_null" classname="cz.muni.fi.pa165.bluebat.entity.CustomerTest" time="0.079"/>
  <testcase name="customerSurname_invalid" classname="cz.muni.fi.pa165.bluebat.entity.CustomerTest" time="0.08"/>
  <testcase name="customerSurname_invalid" classname="cz.muni.fi.pa165.bluebat.entity.CustomerTest" time="0.08"/>
  <testcase name="customerSurname_invalid" classname="cz.muni.fi.pa165.bluebat.entity.CustomerTest" time="0.07"/>
  <testcase name="customerSurname_invalid" classname="cz.muni.fi.pa165.bluebat.entity.CustomerTest" time="0.085"/>
  <testcase name="customerSurname_invalid" classname="cz.muni.fi.pa165.bluebat.entity.CustomerTest" time="0.08"/>
  <testcase name="customer_fullyInitialized" classname="cz.muni.fi.pa165.bluebat.entity.CustomerTest" time="0.11"/>
  <testcase name="excursionDateFrom_null" classname="cz.muni.fi.pa165.bluebat.entity.ExcursionTest" time="0.071"/>
  <testcase name="excursionDestination_invalid" classname="cz.muni.fi.pa165.bluebat.entity.ExcursionTest" time="0.048"/>
  <testcase name="excursionDestination_invalid" classname="cz.muni.fi.pa165.bluebat.entity.ExcursionTest" time="0.06"/>
  <testcase name="excursionDestination_invalid" classname="cz.muni.fi.pa165.bluebat.entity.ExcursionTest" time="0.04"/>
  <testcase name="excursionDestination_invalid" classname="cz.muni.fi.pa165.bluebat.entity.ExcursionTest" time="0.05"/>
  <testcase name="excursionDestination_invalid" classname="cz.muni.fi.pa165.bluebat.entity.ExcursionTest" time="0.06"/>
  <testcase name="excursionDestination_null" classname="cz.muni.fi.pa165.bluebat.entity.ExcursionTest" time="0.05"/>
  <testcase name="excursionDuration_null" classname="cz.muni.fi.pa165.bluebat.entity.ExcursionTest" time="0.06"/>
  <testcase name="excursionName_invalid" classname="cz.muni.fi.pa165.bluebat.entity.ExcursionTest" time="0.08"/>
  <testcase name="excursionName_invalid" classname="cz.muni.fi.pa165.bluebat.entity.ExcursionTest" time="0.05"/>
  <testcase name="excursionName_invalid" classname="cz.muni.fi.pa165.bluebat.entity.ExcursionTest" time="0.06"/>
  <testcase name="excursionName_invalid" classname="cz.muni.fi.pa165.bluebat.entity.ExcursionTest" time="0.05"/>
  <testcase name="excursionName_invalid" classname="cz.muni.fi.pa165.bluebat.entity.ExcursionTest" time="0.05"/>
  <testcase name="excursionName_null" classname="cz.muni.fi.pa165.bluebat.entity.ExcursionTest" time="0.058"/>
  <testcase name="excursion_fullyInitialized" classname="cz.muni.fi.pa165.bluebat.entity.ExcursionTest" time="0.042"/>
  <testcase name="priceAmount_negativeValue" classname="cz.muni.fi.pa165.bluebat.entity.PriceTest" time="0.053"/>
  <testcase name="priceAmount_null" classname="cz.muni.fi.pa165.bluebat.entity.PriceTest" time="0.04"/>
  <testcase name="priceValidFrom_null" classname="cz.muni.fi.pa165.bluebat.entity.PriceTest" time="0.04"/>
  <testcase name="price_fullyInitialized" classname="cz.muni.fi.pa165.bluebat.entity.PriceTest" time="0.04"/>
  <testcase name="reservationCustomer_null" classname="cz.muni.fi.pa165.bluebat.entity.ReservationTest" time="0.17"/>
  <testcase name="reservationPrice_null" classname="cz.muni.fi.pa165.bluebat.entity.ReservationTest" time="0.14"/>
  <testcase name="reservationTrip_null" classname="cz.muni.fi.pa165.bluebat.entity.ReservationTest" time="0.15"/>
  <testcase name="reservation_fullyInitialized" classname="cz.muni.fi.pa165.bluebat.entity.ReservationTest" time="0.19"/>
  <testcase name="tripInvalidAvailability" classname="cz.muni.fi.pa165.bluebat.entity.TripTest" time="0.05"/>
  <testcase name="tripInvalidAvailability" classname="cz.muni.fi.pa165.bluebat.entity.TripTest" time="0.05"/>
  <testcase name="tripInvalidAvailability" classname="cz.muni.fi.pa165.bluebat.entity.TripTest" time="0.05"/>
  <testcase name="tripInvalidDateFrom" classname="cz.muni.fi.pa165.bluebat.entity.TripTest" time="0.04"/>
  <testcase name="tripInvalidDateFrom" classname="cz.muni.fi.pa165.bluebat.entity.TripTest" time="0.05"/>
  <testcase name="tripInvalidDateFrom" classname="cz.muni.fi.pa165.bluebat.entity.TripTest" time="0.05"/>
  <testcase name="tripInvalidDateFrom" classname="cz.muni.fi.pa165.bluebat.entity.TripTest" time="0.06"/>
  <testcase name="tripInvalidDateTo" classname="cz.muni.fi.pa165.bluebat.entity.TripTest" time="0.06"/>
  <testcase name="tripInvalidDateTo" classname="cz.muni.fi.pa165.bluebat.entity.TripTest" time="0.05"/>
  <testcase name="tripInvalidDateTo" classname="cz.muni.fi.pa165.bluebat.entity.TripTest" time="0.05"/>
  <testcase name="tripInvalidDateTo" classname="cz.muni.fi.pa165.bluebat.entity.TripTest" time="0.05"/>
  <testcase name="tripInvalidDestination" classname="cz.muni.fi.pa165.bluebat.entity.TripTest" time="0.04"/>
  <testcase name="tripInvalidDestination" classname="cz.muni.fi.pa165.bluebat.entity.TripTest" time="0.04"/>
  <testcase name="tripInvalidDestination" classname="cz.muni.fi.pa165.bluebat.entity.TripTest" time="0.05"/>
  <testcase name="tripInvalidDestination" classname="cz.muni.fi.pa165.bluebat.entity.TripTest" time="0.04"/>
  <testcase name="tripInvalidDestination" classname="cz.muni.fi.pa165.bluebat.entity.TripTest" time="0.05"/>
  <testcase name="tripInvalidName" classname="cz.muni.fi.pa165.bluebat.entity.TripTest" time="0.05"/>
  <testcase name="tripInvalidName" classname="cz.muni.fi.pa165.bluebat.entity.TripTest" time="0.04"/>
  <testcase name="tripInvalidName" classname="cz.muni.fi.pa165.bluebat.entity.TripTest" time="0.04"/>
  <testcase name="tripInvalidName" classname="cz.muni.fi.pa165.bluebat.entity.TripTest" time="0.04"/>
  <testcase name="tripInvalidName" classname="cz.muni.fi.pa165.bluebat.entity.TripTest" time="0.04"/>
</testsuite>